     Creating library C:\Users\User\source\repos\Reycode\x64\Release\ReycodeRunner.lib and object C:\Users\User\source\repos\Reycode\x64\Release\ReycodeRunner.exp
LINK : warning LNK4098: defaultlib 'LIBCMT' conflicts with use of other libs; use /NODEFAULTLIB:library
  Generating code
  0 of 110 functions ( 0.0%) were compiled, the rest were copied from previous compilation.
    0 functions were new in current compilation
    0 functions had inline decision re-evaluated but remain unchanged
  Finished generating code
  ReycodeRunner.vcxproj -> C:\Users\User\source\repos\Reycode\x64\Release\ReycodeRunner.exe

Project Performance Summary:
      329 ms  C:\Users\User\source\repos\Reycode\ReycodeRunner\ReycodeRunner.vcxproj   2 calls
                326 ms  Build                                      1 calls
                  3 ms  CudaBuildCore                              1 calls

Target Performance Summary:
        0 ms  AfterClCompile                             1 calls
        0 ms  ComputeLinkSwitches                        1 calls
        0 ms  PreLinkEvent                               1 calls
        0 ms  DoLinkOutputFilesMatch                     1 calls
        0 ms  PrepareResourceNames                       1 calls
        0 ms  CreateCustomManifestResourceNames          1 calls
        0 ms  SplitResourcesByCulture                    1 calls
        0 ms  AssignTargetPaths                          1 calls
        0 ms  ComputeManifestInputsTargets               1 calls
        0 ms  ComputeLinkInputsFromProject               1 calls
        0 ms  ComputeCLGeneratedLinkInputs               1 calls
        0 ms  ComputeManifestGeneratedLinkerInputs       1 calls
        0 ms  ComputeRCGeneratedLinkInputs               1 calls
        0 ms  AfterLink                                  1 calls
        0 ms  ComputeRCOutputs                           1 calls
        0 ms  ComputeLegacyManifestEmbedding             1 calls
        0 ms  BuildLinkTraverse                          1 calls
        0 ms  BuildCompile                               1 calls
        0 ms  _BuildCompileAction                        1 calls
        0 ms  AfterBuildCompileEvent                     1 calls
        0 ms  _ResourceCompile                           1 calls
        0 ms  AfterResourceCompile                       1 calls
        0 ms  MakeDirsForResourceCompile                 1 calls
        0 ms  BeforeResourceCompile                      1 calls
        0 ms  _ClCompile                                 1 calls
        0 ms  SelectClCompile                            1 calls
        0 ms  MakeDirsForCl                              1 calls
        0 ms  BeforeLink                                 1 calls
        0 ms  _Link                                      1 calls
        0 ms  _ALink                                     1 calls
        0 ms  _Manifest                                  1 calls
        0 ms  IncrementalClean                           1 calls
        0 ms  AfterBuild                                 1 calls
        0 ms  BuildLink                                  1 calls
        0 ms  _BuildLinkAction                           1 calls
        0 ms  PostBuildEvent                             1 calls
        0 ms  PrepareForRun                              1 calls
        0 ms  CopyFilesToOutputDirectory                 1 calls
        0 ms  _CheckForCompileOutputs                    1 calls
        0 ms  _CopySourceItemsToOutputDirectory          1 calls
        0 ms  _GetCopyToOutputDirectoryItemsFromThisProject   1 calls
        0 ms  GetCopyToOutputDirectoryXamlAppDefs        1 calls
        0 ms  _PopulateCommonStateForGetCopyToOutputDirectoryItems   1 calls
        0 ms  _Deploy                                    1 calls
        0 ms  _Appverifier                               1 calls
        0 ms  CreateSatelliteAssemblies                  1 calls
        0 ms  _GenerateSatelliteAssemblyInputs           1 calls
        0 ms  ContentFilesProjectOutputGroup             1 calls
        0 ms  MakeDirsForFxc                             1 calls
        0 ms  SatelliteDllsProjectOutputGroup            1 calls
        0 ms  _BscMake                                   1 calls
        0 ms  MakeDirsForBscMake                         1 calls
        0 ms  ComputeCLCompileGeneratedSbrFiles          1 calls
        0 ms  _XdcMake                                   1 calls
        0 ms  MakeDirsForXdcMake                         1 calls
        0 ms  ComputeCLCompileGeneratedXDCFiles          1 calls
        0 ms  ResolvedXDCMake                            1 calls
        0 ms  RegisterOutput                             1 calls
        0 ms  WarnCompileDuplicatedFilename              1 calls
        0 ms  ComputeReferenceCLInput                    1 calls
        0 ms  Build                                      1 calls
        0 ms  FindReferenceAssembliesForReferences       1 calls
        0 ms  CustomBuild                                1 calls
        0 ms  GetReferencedVCProjectsInfo                1 calls
        0 ms  SelectCustomBuild                          1 calls
        0 ms  _SelectedFiles                             1 calls
        0 ms  PreBuildEvent                              1 calls
        0 ms  BeforeBuildGenerateSources                 1 calls
        0 ms  ResolveReferences                          1 calls
        0 ms  AfterResolveReferences                     1 calls
        0 ms  ResolveAssemblyReferences                  1 calls
        0 ms  ExpandSDKReferences                        1 calls
        0 ms  ResolveSDKReferences                       1 calls
        0 ms  SetCABuildNativeEnvironmentVariables       1 calls
        0 ms  _CheckWindowsSDKInstalled                  1 calls
        0 ms  GetResolvedWinMD                           1 calls
        0 ms  GetReferenceAssemblyPaths                  1 calls
        0 ms  GetFrameworkPaths                          1 calls
        0 ms  ResolveProjectReferences                   1 calls
        0 ms  PrepareProjectReferences                   1 calls
        0 ms  _GetProjectReferenceTargetFrameworkProperties   1 calls
        0 ms  _AddOutputPathToGlobalPropertiesToRemove   1 calls
        0 ms  AssignProjectConfiguration                 1 calls
        0 ms  BeforeResolveReferences                    1 calls
        0 ms  _PrepareForReferenceResolution             1 calls
        0 ms  _PrepareForBuild                           1 calls
        0 ms  SetTelemetryEnvironmentVariables           1 calls
        0 ms  InitializeCudaHostProperties               1 calls
        0 ms  AddCudaCompileMetadata                     1 calls
        0 ms  ComputeCustomBuildOutput                   1 calls
        0 ms  BuildCompileTraverse                       1 calls
        0 ms  AfterMidl                                  1 calls
        0 ms  _Xsd                                       1 calls
        0 ms  _Midl                                      1 calls
        0 ms  AfterBuildGenerateSources                  1 calls
        0 ms  AfterBuildGenerateSourcesEvent             1 calls
        0 ms  PrepareForCudaBuild                        2 calls
        0 ms  _BuildGenerateSourcesAction                1 calls
        0 ms  BuildGenerateSources                       1 calls
        0 ms  MakeDirsForMidl                            1 calls
        0 ms  ComputeMIDLGeneratedCompileInputs          1 calls
        0 ms  ValidateCudaBuild                          1 calls
        0 ms  WriteCudaCompileTlogs                      1 calls
        0 ms  AddCudaCompilePropsDeps                    1 calls
        0 ms  BeforeClCompile                            1 calls
        0 ms  ComputeCLInputPDBName                      1 calls
        0 ms  AddCudaLinkMetadata                        1 calls
        0 ms  ComputeCudaCompileOutput                   1 calls
        1 ms  AddExternalIncludDirectoriesToPaths        2 calls
        1 ms  CreateRecipeFile                           1 calls
        1 ms  FixupCLCompileOptions                      1 calls
        1 ms  ValidateCudaCodeGeneration                 1 calls
        1 ms  InitializeCudaProjectProperties            1 calls
        1 ms  MakeDirsForLink                            1 calls
        1 ms  FinalizeBuildStatus                        1 calls
        1 ms  _GetCopyToOutputDirectoryItemsFromTransitiveProjectReferences   1 calls
        1 ms  ComputeCLOutputs                           1 calls
        1 ms  InitializeBuildStatus                      1 calls
        1 ms  BuildGenerateSourcesTraverse               1 calls
        1 ms  _CleanGetCurrentAndPriorFileWrites         1 calls
        1 ms  _CheckForInvalidConfigurationAndPlatform   1 calls
        1 ms  CopyFileToFolders                          1 calls
        1 ms  SetBuildDefaultEnvironmentVariables        2 calls
        1 ms  ComputeLinkImportLibraryOutputsForClean    1 calls
        1 ms  BuiltProjectOutputGroup                    1 calls
        1 ms  _SplitProjectReferencesByFileExistence     1 calls
        2 ms  PrepareForBuild                            1 calls
        2 ms  AddCudaCompileDeps                         1 calls
        2 ms  CudaBuildCore                              1 calls
        3 ms  GetCopyToOutputDirectoryItems              1 calls
        3 ms  ClCompile                                  1 calls
       26 ms  CudaBuild                                  1 calls
      273 ms  Link                                       1 calls
