  Compiling CUDA source file src\reycode\examples\nbody.cu...
  
  C:\Users\User\source\repos\Reycode\Reycode>"C:\Program Files\NVIDIA GPU Computing Toolkit\CUDA\v11.7\bin\nvcc.exe" -gencode=arch=compute_52,code=\"sm_52,compute_52\" --use-local-env -ccbin "C:\Program Files\Microsoft Visual Studio\2022\Community\VC\Tools\MSVC\14.32.31326\bin\HostX64\x64" -x cu   -IC:\Users\User\source\repos\Reycode\Reycode\src -IC:\Users\User\source\repos\Reycode\Reycode\vendor\GLAD\include -IC:\Users\User\source\repos\Reycode\Reycode\vendor\moderngpu\src -IC:\Users\User\source\repos\Reycode\Reycode\vendor\GLFW\include -I"C:\Program Files\NVIDIA GPU Computing Toolkit\CUDA\v11.7\include" -I"C:\Program Files\NVIDIA GPU Computing Toolkit\CUDA\v11.7\include"     --keep-dir x64\Release  -maxrregcount=0  --machine 64 --compile -cudart static --extended-lambda -gencode arch=compute_60,code=compute_60 --Werror=cross-execution-space-call   -DWIN32 -DWIN64 -DNDEBUG -D_CONSOLE -D_MBCS -Xcompiler "/EHsc /W3 /nologo /O2 /FdC:\Users\User\source\repos\Reycode\x64\Release\Reycode.pdb /FS   /MD " -o C:\Users\User\source\repos\Reycode\Reycode\x64\Release\nbody.cu.obj "C:\Users\User\source\repos\Reycode\Reycode\src\reycode\examples\nbody.cu" 
C:\Users\User\source\repos\Reycode\Reycode\src\reycode\examples\nbody.cu(102): warning #177-D: variable "weight" was declared but never referenced
  
C:\Users\User\source\repos\Reycode\Reycode\src\reycode\examples\nbody.cu(380): warning #177-D: variable "n" was declared but never referenced
  
C:\Users\User\source\repos\Reycode\Reycode\src\reycode\examples\nbody.cu(449): warning #177-D: variable "vertex_quad_tree_arena" was declared but never referenced
  
C:\Users\User\source\repos\Reycode\Reycode\src\reycode\examples\nbody.cu(450): warning #177-D: variable "vertex_tree_arena" was declared but never referenced
  
C:\Users\User\source\repos\Reycode\Reycode\src\reycode\examples\nbody.cu(102): warning #177-D: variable "weight" was declared but never referenced
  
C:\Users\User\source\repos\Reycode\Reycode\src\reycode\examples\nbody.cu(380): warning #177-D: variable "n" was declared but never referenced
  
C:\Users\User\source\repos\Reycode\Reycode\src\reycode\examples\nbody.cu(449): warning #177-D: variable "vertex_quad_tree_arena" was declared but never referenced
  
C:\Users\User\source\repos\Reycode\Reycode\src\reycode\examples\nbody.cu(450): warning #177-D: variable "vertex_tree_arena" was declared but never referenced
  
  nbody.cu
C:\Users\User\source\repos\Reycode\Reycode\src\reycode\examples\nbody.cu(63): warning C4305: 'initializing': truncation from 'double' to 'reycode::real'
C:\Users\User\source\repos\Reycode\Reycode\src\reycode\examples\nbody.cu(325): warning C4305: 'initializing': truncation from 'double' to 'const reycode::real'
C:\Users\User\source\repos\Reycode\Reycode\src\reycode\examples\nbody.cu(452): warning C4244: 'initializing': conversion from 'double' to 'uint32_t', possible loss of data
C:\Users\User\source\repos\Reycode\Reycode\src\reycode\examples\nbody.cu(500): warning C4244: 'initializing': conversion from 'double' to 'reycode::real', possible loss of data
C:\Users\User\source\repos\Reycode\Reycode\src\reycode\examples\nbody.cu(502): warning C4244: 'initializing': conversion from 'double' to 'reycode::real', possible loss of data
C:\Users\User\source\repos\Reycode\Reycode\src\reycode\examples\nbody.cu(503): warning C4244: '=': conversion from 'double' to 'reycode::real', possible loss of data
C:\Users\User\source\repos\Reycode\Reycode\src\reycode\examples\nbody.cu(526): warning C4244: 'initializing': conversion from 'double' to 'reycode::real', possible loss of data
C:\Users\User\source\repos\Reycode\Reycode\src\reycode\examples\nbody.cu(534): warning C4305: 'initializing': truncation from 'double' to 'reycode::real'
C:\Users\User\source\repos\Reycode\Reycode\src\reycode\examples\nbody.cu(537): warning C4244: 'initializing': conversion from 'double' to 'reycode::real', possible loss of data
C:\Users\User\source\repos\Reycode\Reycode\src\reycode\examples\nbody.cu(545): warning C4244: 'initializing': conversion from 'double' to 'reycode::real', possible loss of data
C:/Users/User/source/repos/Reycode/Reycode/src\reycode/reycode.h(703): warning C4267: '=': conversion from 'size_t' to 'uint32_t', possible loss of data
  C:\Users\User\source\repos\Reycode\Reycode\src\reycode\examples\nbody.cu(125): note: see reference to function template instantiation 'reycode::slice<unsigned int> reycode::arena_push_array<unsigned int>(reycode::Arena &,size_t,size_t)' being compiled
  Reycode.vcxproj -> C:\Users\User\source\repos\Reycode\x64\Release\Reycode.lib

Project Performance Summary:
     6586 ms  C:\Users\User\source\repos\Reycode\Reycode\Reycode.vcxproj   6 calls
               3756 ms  Build                                      1 calls
               2830 ms  CudaBuildCore                              5 calls

Target Performance Summary:
        0 ms  SelectClCompile                            1 calls
        0 ms  MakeDirsForLib                             1 calls
        0 ms  ComputeLibInputsFromProject                1 calls
        0 ms  ComputeCLGeneratedLibInputs                1 calls
        0 ms  ComputeCLOutputs                           1 calls
        0 ms  ComputeRCGeneratedLibInputs                1 calls
        0 ms  ComputeRCOutputs                           1 calls
        0 ms  ComputeLibAdditionalOptions                1 calls
        0 ms  BeforeLib                                  1 calls
        0 ms  _ResourceCompile                           1 calls
        0 ms  AfterResourceCompile                       1 calls
        0 ms  GetCopyToOutputDirectoryXamlAppDefs        1 calls
        0 ms  MakeDirsForResourceCompile                 1 calls
        0 ms  _ClCompile                                 1 calls
        0 ms  GetCopyToOutputDirectoryItems              1 calls
        0 ms  FinalizeBuildStatus                        1 calls
        0 ms  MakeDirsForCl                              1 calls
        0 ms  ComputeReferenceCLInput                    1 calls
        0 ms  GetReferencedVCProjectsInfo                1 calls
        0 ms  FindReferenceAssembliesForReferences       1 calls
        0 ms  ComputeCLInputPDBName                      1 calls
        0 ms  _Appverifier                               1 calls
        0 ms  BuildCompileTraverse                       1 calls
        0 ms  BeforeResourceCompile                      1 calls
        0 ms  PreLinkEvent                               1 calls
        0 ms  AfterLib                                   1 calls
        0 ms  _Lib                                       1 calls
        0 ms  CreateSatelliteAssemblies                  1 calls
        0 ms  _GenerateSatelliteAssemblyInputs           1 calls
        0 ms  CreateRecipeFile                           1 calls
        0 ms  MakeDirsForFxc                             1 calls
        0 ms  SatelliteDllsProjectOutputGroup            1 calls
        0 ms  PrepareResourceNames                       1 calls
        0 ms  CreateCustomManifestResourceNames          1 calls
        0 ms  SplitResourcesByCulture                    1 calls
        0 ms  BuiltProjectOutputGroup                    1 calls
        0 ms  _BscMake                                   1 calls
        0 ms  MakeDirsForBscMake                         1 calls
        0 ms  ComputeCLCompileGeneratedSbrFiles          1 calls
        0 ms  _XdcMake                                   1 calls
        0 ms  MakeDirsForXdcMake                         1 calls
        0 ms  ComputeCLCompileGeneratedXDCFiles          1 calls
        0 ms  RegisterOutput                             1 calls
        0 ms  _Manifest                                  1 calls
        0 ms  _ALink                                     1 calls
        0 ms  ComputeLegacyManifestEmbedding             1 calls
        0 ms  BuildLinkTraverse                          1 calls
        0 ms  BuildCompile                               1 calls
        0 ms  _BuildCompileAction                        1 calls
        0 ms  AfterBuildCompileEvent                     1 calls
        0 ms  BuildGenerateSources                       1 calls
        0 ms  _BuildGenerateSourcesAction                1 calls
        0 ms  BeforeClCompile                            1 calls
        0 ms  AfterBuildGenerateSources                  1 calls
        0 ms  BeforeBuildGenerateSources                 1 calls
        0 ms  AfterBuildGenerateSourcesEvent             1 calls
        0 ms  BuildGenerateSourcesTraverse               1 calls
        0 ms  AfterBuild                                 1 calls
        0 ms  AfterResolveReferences                     1 calls
        0 ms  ResolveAssemblyReferences                  1 calls
        0 ms  ExpandSDKReferences                        1 calls
        0 ms  ResolveSDKReferences                       1 calls
        0 ms  SetCABuildNativeEnvironmentVariables       1 calls
        0 ms  _CheckWindowsSDKInstalled                  1 calls
        0 ms  PreBuildEvent                              1 calls
        0 ms  GetResolvedWinMD                           1 calls
        0 ms  AddExternalIncludDirectoriesToPaths        6 calls
        0 ms  GetFrameworkPaths                          1 calls
        0 ms  ResolveProjectReferences                   1 calls
        0 ms  PrepareProjectReferences                   1 calls
        0 ms  _AddOutputPathToGlobalPropertiesToRemove   1 calls
        0 ms  _SplitProjectReferencesByFileExistence     1 calls
        0 ms  BeforeResolveReferences                    1 calls
        0 ms  _PrepareForReferenceResolution             1 calls
        0 ms  _PrepareForBuild                           1 calls
        0 ms  SetTelemetryEnvironmentVariables           1 calls
        0 ms  IncrementalClean                           1 calls
        0 ms  _SelectedFiles                             1 calls
        0 ms  _Deploy                                    1 calls
        0 ms  ComputeCustomBuildOutput                   1 calls
        0 ms  _Midl                                      1 calls
        0 ms  AfterMidl                                  1 calls
        0 ms  ComputeMIDLGeneratedCompileInputs          1 calls
        0 ms  _Xsd                                       1 calls
        0 ms  CopyFileToFolders                          1 calls
        0 ms  _GetCopyToOutputDirectoryItemsFromTransitiveProjectReferences   1 calls
        0 ms  _GetCopyToOutputDirectoryItemsFromThisProject   1 calls
        0 ms  SelectCustomBuild                          1 calls
        0 ms  _CheckForCompileOutputs                    1 calls
        0 ms  CopyFilesToOutputDirectory                 1 calls
        0 ms  _CopySourceItemsToOutputDirectory          1 calls
        0 ms  ValidateCudaBuild                          1 calls
        0 ms  BuildLink                                  1 calls
        0 ms  PrepareForRun                              1 calls
        0 ms  PostBuildEvent                             1 calls
        0 ms  _BuildLinkAction                           1 calls
        1 ms  AfterClCompile                             1 calls
        1 ms  AddCudaCompilePropsDeps                    5 calls
        1 ms  MakeDirsForMidl                            1 calls
        1 ms  AssignProjectConfiguration                 1 calls
        1 ms  AddCudaLinkMetadata                        5 calls
        1 ms  AssignTargetPaths                          1 calls
        1 ms  GetReferenceAssemblyPaths                  1 calls
        1 ms  ResolveReferences                          1 calls
        1 ms  _CleanGetCurrentAndPriorFileWrites         1 calls
        1 ms  WarnCompileDuplicatedFilename              1 calls
        1 ms  ContentFilesProjectOutputGroup             1 calls
        1 ms  FixupCLCompileOptions                      1 calls
        1 ms  CustomBuild                                1 calls
        1 ms  ResolvedXDCMake                            1 calls
        1 ms  InitializeCudaHostProperties               1 calls
        1 ms  _PopulateCommonStateForGetCopyToOutputDirectoryItems   1 calls
        1 ms  _GetProjectReferenceTargetFrameworkProperties   1 calls
        1 ms  Build                                      1 calls
        1 ms  DoLibOutputFilesMatch                      1 calls
        1 ms  ComputeCudaCompileOutput                   5 calls
        2 ms  InitializeBuildStatus                      1 calls
        2 ms  _CheckForInvalidConfigurationAndPlatform   1 calls
        3 ms  ValidateCudaCodeGeneration                 5 calls
        3 ms  PrepareForBuild                            1 calls
        5 ms  PrepareForCudaBuild                        6 calls
        5 ms  SetBuildDefaultEnvironmentVariables        6 calls
        6 ms  InitializeCudaProjectProperties            1 calls
        7 ms  ClCompile                                  1 calls
        8 ms  AddCudaCompileMetadata                     5 calls
       14 ms  WriteCudaCompileTlogs                      1 calls
      156 ms  Lib                                        1 calls
      704 ms  AddCudaCompileDeps                         5 calls
     2818 ms  CudaBuildCore                              5 calls
     2823 ms  CudaBuild                                  1 calls
