  Compiling CUDA source file src\reycode\examples\nbody.cu...
  
  C:\Users\User\source\repos\Reycode\Reycode>"C:\Program Files\NVIDIA GPU Computing Toolkit\CUDA\v11.7\bin\nvcc.exe" -gencode=arch=compute_52,code=\"sm_52,compute_52\" --use-local-env -ccbin "C:\Program Files\Microsoft Visual Studio\2022\Community\VC\Tools\MSVC\14.32.31326\bin\HostX64\x64" -x cu   -IC:\Users\User\source\repos\Reycode\Reycode\src -IC:\Users\User\source\repos\Reycode\Reycode\vendor\GLAD\include -IC:\Users\User\source\repos\Reycode\Reycode\vendor\moderngpu\src -IC:\Users\User\source\repos\Reycode\Reycode\vendor\GLFW\include -I"C:\Program Files\NVIDIA GPU Computing Toolkit\CUDA\v11.7\include" -I"C:\Program Files\NVIDIA GPU Computing Toolkit\CUDA\v11.7\include"  -G   --keep-dir x64\Debug  -maxrregcount=0  --machine 64 --compile -cudart static --extended-lambda -gencode arch=compute_60,code=compute_60 -g  -DWIN32 -DWIN64 -DBOUNDS_CHECKING -D_DEBUG -D_CONSOLE -D_MBCS -Xcompiler "/EHsc /W3 /nologo /Od /FdC:\Users\User\source\repos\Reycode\x64\Debug\Reycode.pdb /FS /Zi /RTC1 /MDd " -o C:\Users\User\source\repos\Reycode\Reycode\x64\Debug\nbody.cu.obj "C:\Users\User\source\repos\Reycode\Reycode\src\reycode\examples\nbody.cu" 
C:\Users\User\source\repos\Reycode\Reycode\src\reycode\examples\nbody.cu(84): warning #177-D: variable "weight" was declared but never referenced
  
C:\Users\User\source\repos\Reycode\Reycode\src\reycode\examples\nbody.cu(483): warning #177-D: variable "sub_timesteps" was declared but never referenced
  
C:\Users\User\source\repos\Reycode\Reycode\src\reycode\examples\nbody.cu(391): warning #177-D: variable "vertex_tree_arena" was declared but never referenced
  
C:\Users\User\source\repos\Reycode\Reycode\src\reycode/reycode.h(640): warning #20014-D: calling a __host__ function from a __host__ __device__ function is not allowed
            detected during instantiation of "reycode::slice<T> reycode::subslice(reycode::slice<T>, uint32_t, uint32_t) [with T=reycode::Particle_AOS]" 
  C:\Users\User\source\repos\Reycode\Reycode\src\reycode\examples\nbody.cu(155): here
  
C:\Users\User\source\repos\Reycode\Reycode\src\reycode/reycode.h(640): warning #20011-D: calling a __host__ function("reycode::slice< ::reycode::Particle_AOS> ::slice( ::reycode::Particle_AOS *, unsigned int)") from a __host__ __device__ function("reycode::subslice< ::reycode::Particle_AOS> ") is not allowed
  
C:\Users\User\source\repos\Reycode\Reycode\src\reycode\examples\nbody.cu(84): warning #177-D: variable "weight" was declared but never referenced
  
C:\Users\User\source\repos\Reycode\Reycode\src\reycode\examples\nbody.cu(483): warning #177-D: variable "sub_timesteps" was declared but never referenced
  
C:\Users\User\source\repos\Reycode\Reycode\src\reycode\examples\nbody.cu(391): warning #177-D: variable "vertex_tree_arena" was declared but never referenced
  
C:\Users\User\source\repos\Reycode\Reycode\src\reycode/reycode.h(640): warning #20014-D: calling a __host__ function from a __host__ __device__ function is not allowed
            detected during instantiation of "reycode::slice<T> reycode::subslice(reycode::slice<T>, uint32_t, uint32_t) [with T=reycode::Particle_AOS]" 
  C:\Users\User\source\repos\Reycode\Reycode\src\reycode\examples\nbody.cu(155): here
  
C:\Users\User\source\repos\Reycode\Reycode\src\reycode/reycode.h(640): warning #20011-D: calling a __host__ function("reycode::slice< ::reycode::Particle_AOS> ::slice( ::reycode::Particle_AOS *, unsigned int)") from a __host__ __device__ function("reycode::subslice< ::reycode::Particle_AOS> ") is not allowed
  
  nbody.cu
C:\Users\User\source\repos\Reycode\Reycode\src\reycode\examples\nbody.cu(61): warning C4305: 'initializing': truncation from 'double' to 'reycode::real'
C:\Users\User\source\repos\Reycode\Reycode\src\reycode\examples\nbody.cu(258): warning C4244: 'initializing': conversion from 'double' to 'reycode::real', possible loss of data
C:\Users\User\source\repos\Reycode\Reycode\src\reycode\examples\nbody.cu(304): warning C4305: 'initializing': truncation from 'double' to 'reycode::real'
C:\Users\User\source\repos\Reycode\Reycode\src\reycode\examples\nbody.cu(445): warning C4244: 'initializing': conversion from 'double' to 'reycode::real', possible loss of data
C:\Users\User\source\repos\Reycode\Reycode\src\reycode\examples\nbody.cu(447): warning C4244: 'initializing': conversion from 'double' to 'reycode::real', possible loss of data
C:\Users\User\source\repos\Reycode\Reycode\src\reycode\examples\nbody.cu(448): warning C4244: '=': conversion from 'double' to 'reycode::real', possible loss of data
C:\Users\User\source\repos\Reycode\Reycode\src\reycode\examples\nbody.cu(469): warning C4305: 'initializing': truncation from 'double' to 'reycode::real'
C:\Users\User\source\repos\Reycode\Reycode\src\reycode/reycode.h(701): warning C4267: '=': conversion from 'size_t' to 'uint32_t', possible loss of data
  C:\Users\User\source\repos\Reycode\Reycode\src\reycode\examples\nbody.cu(110): note: see reference to function template instantiation 'reycode::slice<unsigned int> reycode::arena_push_array<unsigned int>(reycode::Arena &,size_t,size_t)' being compiled
  Reycode.vcxproj -> C:\Users\User\source\repos\Reycode\x64\Debug\Reycode.lib

Project Performance Summary:
     6085 ms  C:\Users\User\source\repos\Reycode\Reycode\Reycode.vcxproj   6 calls
               3421 ms  Build                                      1 calls
               2664 ms  CudaBuildCore                              5 calls

Target Performance Summary:
        0 ms  SelectClCompile                            1 calls
        0 ms  _ALink                                     1 calls
        0 ms  ComputeLegacyManifestEmbedding             1 calls
        0 ms  BuildCompile                               1 calls
        0 ms  _BuildCompileAction                        1 calls
        0 ms  AfterBuildCompileEvent                     1 calls
        0 ms  _Lib                                       1 calls
        0 ms  AfterLib                                   1 calls
        0 ms  PreLinkEvent                               1 calls
        0 ms  DoLibOutputFilesMatch                      1 calls
        0 ms  MakeDirsForLib                             1 calls
        0 ms  ComputeCLGeneratedLibInputs                1 calls
        0 ms  ComputeCLOutputs                           1 calls
        0 ms  ComputeRCGeneratedLibInputs                1 calls
        0 ms  ComputeRCOutputs                           1 calls
        0 ms  ComputeLibAdditionalOptions                1 calls
        0 ms  BeforeLib                                  1 calls
        0 ms  _ResourceCompile                           1 calls
        0 ms  AfterResourceCompile                       1 calls
        0 ms  BeforeResourceCompile                      1 calls
        0 ms  _ClCompile                                 1 calls
        0 ms  AfterClCompile                             1 calls
        0 ms  FinalizeBuildStatus                        1 calls
        0 ms  MakeDirsForCl                              1 calls
        0 ms  ComputeReferenceCLInput                    1 calls
        0 ms  GetReferencedVCProjectsInfo                1 calls
        0 ms  _Manifest                                  1 calls
        0 ms  FindReferenceAssembliesForReferences       1 calls
        0 ms  RegisterOutput                             1 calls
        0 ms  MakeDirsForXdcMake                         1 calls
        0 ms  IncrementalClean                           1 calls
        0 ms  AfterBuild                                 1 calls
        0 ms  BuildLink                                  1 calls
        0 ms  _BuildLinkAction                           1 calls
        0 ms  PostBuildEvent                             1 calls
        0 ms  PrepareForRun                              1 calls
        0 ms  _CheckForCompileOutputs                    1 calls
        0 ms  _CopySourceItemsToOutputDirectory          1 calls
        0 ms  _GetCopyToOutputDirectoryItemsFromThisProject   1 calls
        0 ms  GetCopyToOutputDirectoryXamlAppDefs        1 calls
        0 ms  _PopulateCommonStateForGetCopyToOutputDirectoryItems   1 calls
        0 ms  _Deploy                                    1 calls
        0 ms  _Appverifier                               1 calls
        0 ms  CreateSatelliteAssemblies                  1 calls
        0 ms  CreateRecipeFile                           1 calls
        0 ms  MakeDirsForFxc                             1 calls
        0 ms  SatelliteDllsProjectOutputGroup            1 calls
        0 ms  PrepareResourceNames                       1 calls
        0 ms  CreateCustomManifestResourceNames          1 calls
        0 ms  AssignTargetPaths                          1 calls
        0 ms  BuiltProjectOutputGroup                    1 calls
        0 ms  _BscMake                                   1 calls
        0 ms  MakeDirsForBscMake                         1 calls
        0 ms  ComputeCLCompileGeneratedSbrFiles          1 calls
        0 ms  _XdcMake                                   1 calls
        0 ms  ResolvedXDCMake                            1 calls
        0 ms  ComputeCLInputPDBName                      1 calls
        0 ms  Build                                      1 calls
        0 ms  BuildCompileTraverse                       1 calls
        0 ms  ResolveSDKReferences                       1 calls
        0 ms  ResolveProjectReferences                   1 calls
        0 ms  GetFrameworkPaths                          1 calls
        0 ms  ComputeCustomBuildOutput                   1 calls
        0 ms  SelectCustomBuild                          1 calls
        0 ms  _SelectedFiles                             1 calls
        0 ms  BeforeClCompile                            1 calls
        0 ms  BeforeBuildGenerateSources                 1 calls
        0 ms  BuildGenerateSourcesTraverse               1 calls
        0 ms  GetResolvedWinMD                           1 calls
        0 ms  ResolveReferences                          1 calls
        0 ms  AfterResolveReferences                     1 calls
        0 ms  ResolveAssemblyReferences                  1 calls
        0 ms  ExpandSDKReferences                        1 calls
        0 ms  _CheckWindowsSDKInstalled                  1 calls
        0 ms  _AddOutputPathToGlobalPropertiesToRemove   1 calls
        0 ms  ValidateCudaBuild                          1 calls
        0 ms  PrepareProjectReferences                   1 calls
        0 ms  MakeDirsForMidl                            1 calls
        0 ms  BuildGenerateSources                       1 calls
        0 ms  _BuildGenerateSourcesAction                1 calls
        0 ms  SetTelemetryEnvironmentVariables           1 calls
        0 ms  AfterBuildGenerateSourcesEvent             1 calls
        0 ms  AfterBuildGenerateSources                  1 calls
        0 ms  _PrepareForBuild                           1 calls
        0 ms  _Midl                                      1 calls
        0 ms  AfterMidl                                  1 calls
        0 ms  ComputeMIDLGeneratedCompileInputs          1 calls
        0 ms  _SplitProjectReferencesByFileExistence     1 calls
        0 ms  SetCABuildNativeEnvironmentVariables       1 calls
        0 ms  _Xsd                                       1 calls
        0 ms  BeforeResolveReferences                    1 calls
        1 ms  BuildLinkTraverse                          1 calls
        1 ms  MakeDirsForResourceCompile                 1 calls
        1 ms  GetReferenceAssemblyPaths                  1 calls
        1 ms  AddCudaLinkMetadata                        5 calls
        1 ms  CopyFilesToOutputDirectory                 1 calls
        1 ms  CopyFileToFolders                          1 calls
        1 ms  _GenerateSatelliteAssemblyInputs           1 calls
        1 ms  GetCopyToOutputDirectoryItems              1 calls
        1 ms  _GetCopyToOutputDirectoryItemsFromTransitiveProjectReferences   1 calls
        1 ms  ValidateCudaCodeGeneration                 5 calls
        1 ms  _CleanGetCurrentAndPriorFileWrites         1 calls
        1 ms  CustomBuild                                1 calls
        1 ms  AssignProjectConfiguration                 1 calls
        1 ms  _PrepareForReferenceResolution             1 calls
        1 ms  PreBuildEvent                              1 calls
        1 ms  ComputeCLCompileGeneratedXDCFiles          1 calls
        1 ms  ComputeLibInputsFromProject                1 calls
        1 ms  InitializeCudaHostProperties               1 calls
        1 ms  ComputeCudaCompileOutput                   5 calls
        1 ms  ContentFilesProjectOutputGroup             1 calls
        1 ms  _GetProjectReferenceTargetFrameworkProperties   1 calls
        1 ms  WarnCompileDuplicatedFilename              1 calls
        2 ms  FixupCLCompileOptions                      1 calls
        2 ms  InitializeBuildStatus                      1 calls
        2 ms  _CheckForInvalidConfigurationAndPlatform   1 calls
        2 ms  AddCudaCompilePropsDeps                    5 calls
        2 ms  AddExternalIncludDirectoriesToPaths        6 calls
        3 ms  PrepareForCudaBuild                        6 calls
        3 ms  SplitResourcesByCulture                    1 calls
        3 ms  PrepareForBuild                            1 calls
        4 ms  SetBuildDefaultEnvironmentVariables        6 calls
        7 ms  InitializeCudaProjectProperties            1 calls
        8 ms  AddCudaCompileMetadata                     5 calls
        8 ms  ClCompile                                  1 calls
        9 ms  WriteCudaCompileTlogs                      1 calls
      152 ms  Lib                                        1 calls
      537 ms  AddCudaCompileDeps                         5 calls
     2655 ms  CudaBuildCore                              5 calls
     2659 ms  CudaBuild                                  1 calls
